L 05/11/2025 - 20:48:35: [CvarSettings] [c2m1_highway] Could not find CVar specified (prop_moveaway_mass_thres)
L 05/11/2025 - 20:48:35: [CvarSettings] [c2m1_highway] Could not find CVar specified (prop_touching_moveaway)
L 05/11/2025 - 20:48:35: [CvarSettings] [c2m1_highway] Could not find CVar specified (prop_heavy_touching_move_above)
L 05/11/2025 - 20:52:05: [CvarSettings] [c2m1_highway] Could not find CVar specified (prop_moveaway_mass_thres)
L 05/11/2025 - 20:52:05: [CvarSettings] [c2m1_highway] Could not find CVar specified (prop_touching_moveaway)
L 05/11/2025 - 20:52:05: [CvarSettings] [c2m1_highway] Could not find CVar specified (prop_heavy_touching_move_above)
L 05/11/2025 - 20:55:13: [CvarSettings] [c2m1_highway] Could not find CVar specified (prop_moveaway_mass_thres)
L 05/11/2025 - 20:55:13: [CvarSettings] [c2m1_highway] Could not find CVar specified (prop_touching_moveaway)
L 05/11/2025 - 20:55:13: [CvarSettings] [c2m1_highway] Could not find CVar specified (prop_heavy_touching_move_above)
L 05/11/2025 - 20:56:54: [CvarSettings] [c2m1_highway] Could not find CVar specified (prop_moveaway_mass_thres)
L 05/11/2025 - 20:56:54: [CvarSettings] [c2m1_highway] Could not find CVar specified (prop_touching_moveaway)
L 05/11/2025 - 20:56:54: [CvarSettings] [c2m1_highway] Could not find CVar specified (prop_heavy_touching_move_above)
L 05/11/2025 - 21:10:16: [CvarSettings] [c2m1_highway] Could not find CVar specified (prop_moveaway_mass_thres)
L 05/11/2025 - 21:10:16: [CvarSettings] [c2m1_highway] Could not find CVar specified (prop_touching_moveaway)
L 05/11/2025 - 21:10:16: [CvarSettings] [c2m1_highway] Could not find CVar specified (prop_heavy_touching_move_above)
L 05/11/2025 - 21:13:50: [CvarSettings] [c2m1_highway] Could not find CVar specified (prop_moveaway_mass_thres)
L 05/11/2025 - 21:13:50: [CvarSettings] [c2m1_highway] Could not find CVar specified (prop_touching_moveaway)
L 05/11/2025 - 21:13:50: [CvarSettings] [c2m1_highway] Could not find CVar specified (prop_heavy_touching_move_above)
L 05/11/2025 - 21:18:48: [CvarSettings] [c2m1_highway] Could not find CVar specified (confogl_boss_unprohibit)
L 05/11/2025 - 21:18:48: [CvarSettings] [c2m1_highway] Could not find CVar specified (prop_moveaway_mass_thres)
L 05/11/2025 - 21:18:48: [CvarSettings] [c2m1_highway] Could not find CVar specified (prop_touching_moveaway)
L 05/11/2025 - 21:18:48: [CvarSettings] [c2m1_highway] Could not find CVar specified (prop_heavy_touching_move_above)
L 05/11/2025 - 21:28:49: [CvarSettings] [c2m1_highway] Could not find CVar specified (confogl_boss_unprohibit)
L 05/11/2025 - 21:28:49: [CvarSettings] [c2m1_highway] Could not find CVar specified (tankcontrol_print_all)
L 05/11/2025 - 21:28:49: [CvarSettings] [c2m1_highway] Could not find CVar specified (prop_moveaway_mass_thres)
L 05/11/2025 - 21:28:49: [CvarSettings] [c2m1_highway] Could not find CVar specified (prop_touching_moveaway)
L 05/11/2025 - 21:28:49: [CvarSettings] [c2m1_highway] Could not find CVar specified (prop_heavy_touching_move_above)
L 05/11/2025 - 23:35:13: [CvarSettings] [c2m1_highway] Could not find CVar specified (confogl_boss_unprohibit)
L 05/11/2025 - 23:35:13: [CvarSettings] [c2m1_highway] Could not find CVar specified (tankcontrol_print_all)
L 05/11/2025 - 23:35:13: [CvarSettings] [c2m1_highway] Could not find CVar specified (prop_moveaway_mass_thres)
L 05/11/2025 - 23:35:13: [CvarSettings] [c2m1_highway] Could not find CVar specified (prop_touching_moveaway)
L 05/11/2025 - 23:35:13: [CvarSettings] [c2m1_highway] Could not find CVar specified (prop_heavy_touching_move_above)
